  bishop.cpp
  board.cpp
F:\Chess\ChessGame\include\board.h(9,10): warning C4067: símbolos (token) inesperados después de la directiva del preprocesador; se esperaba una nueva línea
  (compilando archivo de origen "../src/board.cpp")
  
F:\Chess\ChessGame\src\board.cpp(190,21): warning C4244: 'inicializando': conversión de 'T' a 'int'; posible pérdida de datos
F:\Chess\ChessGame\src\board.cpp(190,21): warning C4244:         with
F:\Chess\ChessGame\src\board.cpp(190,21): warning C4244:         [
F:\Chess\ChessGame\src\board.cpp(190,21): warning C4244:             T=float
F:\Chess\ChessGame\src\board.cpp(190,21): warning C4244:         ]
F:\Chess\ChessGame\src\board.cpp(191,21): warning C4244: 'inicializando': conversión de 'T' a 'int'; posible pérdida de datos
F:\Chess\ChessGame\src\board.cpp(191,21): warning C4244:         with
F:\Chess\ChessGame\src\board.cpp(191,21): warning C4244:         [
F:\Chess\ChessGame\src\board.cpp(191,21): warning C4244:             T=float
F:\Chess\ChessGame\src\board.cpp(191,21): warning C4244:         ]
  gameloop.cpp
F:\Chess\ChessGame\include\board.h(9,10): warning C4067: símbolos (token) inesperados después de la directiva del preprocesador; se esperaba una nueva línea
  (compilando archivo de origen "../src/gameloop.cpp")
  
  inputhandler.cpp
F:\Chess\ChessGame\include\board.h(9,10): warning C4067: símbolos (token) inesperados después de la directiva del preprocesador; se esperaba una nueva línea
  (compilando archivo de origen "../src/inputhandler.cpp")
  
F:\Chess\ChessGame\src\inputhandler.cpp(11,65): warning C4244: 'argumento': conversión de 'int' a 'T'; posible pérdida de datos
F:\Chess\ChessGame\src\inputhandler.cpp(11,65): warning C4244:         with
F:\Chess\ChessGame\src\inputhandler.cpp(11,65): warning C4244:         [
F:\Chess\ChessGame\src\inputhandler.cpp(11,65): warning C4244:             T=float
F:\Chess\ChessGame\src\inputhandler.cpp(11,65): warning C4244:         ]
F:\Chess\ChessGame\src\inputhandler.cpp(11,44): warning C4244: 'argumento': conversión de 'int' a 'T'; posible pérdida de datos
F:\Chess\ChessGame\src\inputhandler.cpp(11,44): warning C4244:         with
F:\Chess\ChessGame\src\inputhandler.cpp(11,44): warning C4244:         [
F:\Chess\ChessGame\src\inputhandler.cpp(11,44): warning C4244:             T=float
F:\Chess\ChessGame\src\inputhandler.cpp(11,44): warning C4244:         ]
  king.cpp
  night.cpp
  pawn.cpp
  piece.cpp
  queen.cpp
  rook.cpp
  ChessGame.cpp
F:\Chess\ChessGame\include\board.h(9,10): warning C4067: símbolos (token) inesperados después de la directiva del preprocesador; se esperaba una nueva línea
  (compilando archivo de origen "ChessGame.cpp")
  
  Generando código...
  ChessGame.vcxproj -> F:\Chess\ChessGame\x64\Debug\ChessGame.exe
